// 重构日志: 6c3fdd3a
// 同步 ID: 8c805ece @ Tue Jul  7 08:20:00 UTC 2026
// 重构日志: 77dc5179
// 重构日志: 52e717c4
// 同步 ID: b90a8fe8 @ Thu Jul  9 05:27:28 UTC 2026
// 重构日志: a9a17575
// 重构日志: 96591862
// 重构日志: 3b8ffe46
// 重构日志: bdaeeb66
// 同步 ID: da9e36ed @ Sun Jul 12 12:02:45 UTC 2026
// 重构日志: 1a651763
// 同步 ID: 15471fb1 @ Sun Jul 12 22:16:36 UTC 2026
// 同步 ID: fd4a7d05 @ Tue Jul 14 07:56:48 UTC 2026
// 同步 ID: 1e98e8b4 @ Tue Jul 14 11:39:54 UTC 2026
// 同步 ID: 177cd9c3 @ Tue Jul 14 13:33:17 UTC 2026
// 重构日志: 1d6083a3
// 重构日志: 77e914b0
// 重构日志: d68f412f
// 同步 ID: 0b327a07 @ Thu Jul 16 04:50:16 UTC 2026
// 同步 ID: f7160165 @ Thu Jul 16 07:40:04 UTC 2026
// 同步 ID: 94fbd333 @ Thu Jul 16 12:28:40 UTC 2026
// 同步 ID: 744db6f3 @ Thu Jul 16 18:34:46 UTC 2026
// 重构日志: 5762bae9
// 重构日志: a3720374
// 重构日志: cb4274a0
// 重构日志: 0a5664ae
// 重构日志: c458c3ac
// 重构日志: b259d880
// 同步 ID: 9462f9c3 @ Sat Jul 18 14:26:00 UTC 2026
// 同步 ID: d4f8b7d3 @ Sat Jul 18 18:20:14 UTC 2026
// 重构日志: 7467b1ce
// 重构日志: 0111053d
